<?xml version="1.0" encoding="UTF-8"?>
<!-- Generated by org.testng.reporters.JUnitReportReporter -->
<testsuite hostname="Aashish" failures="0" tests="5" name="TestCases.Brevistay" time="11.164" errors="0" timestamp="2023-07-17T17:28:44 IST" skipped="0">
  <testcase classname="TestCases.Brevistay" name="login" time="2.958"/>
  <system-out/>
  <testcase classname="TestCases.Brevistay" name="selectCity" time="2.869"/>
  <system-out/>
  <testcase classname="TestCases.Brevistay" name="verifyingAreaFilter" time="3.003"/>
  <system-out/>
  <testcase classname="TestCases.Brevistay" name="verifyingCoupleFriendly" time="1.162"/>
  <system-out/>
  <testcase classname="TestCases.Brevistay" name="verifyingCoupleFriendlywithpah" time="1.172"/>
  <system-out/>
</testsuite> <!-- TestCases.Brevistay -->
