<?xml version="1.0" encoding="UTF-8"?>
<!-- Generated by org.testng.reporters.JUnitReportReporter -->
<testsuite hostname="Aashish" failures="0" tests="3" name="TestCases.BrevistayPreRun" time="13.202" errors="0" timestamp="2023-07-08T23:52:13 IST" skipped="0">
  <testcase classname="TestCases.BrevistayPreRun" name="verifyRatingFourAndHalf" time="8.234"/>
  <system-out/>
  <testcase classname="TestCases.BrevistayPreRun" name="verifyingPremiumTag" time="2.622"/>
  <system-out/>
  <testcase classname="TestCases.BrevistayPreRun" name="verifyingLuxuryTag" time="2.346"/>
  <system-out/>
</testsuite> <!-- TestCases.BrevistayPreRun -->
