<?xml version="1.0" encoding="UTF-8"?>
<!-- Generated by org.testng.reporters.JUnitReportReporter -->
<testsuite hostname="CHDSEZ578656L" failures="0" tests="2" name="TestCases.LearnigClass" time="0.091" errors="0" timestamp="2023-06-14T14:14:33 IST" skipped="0">
  <testcase classname="TestCases.LearnigClass" name="loginPage" time="0.088"/>
  <system-out/>
  <testcase classname="TestCases.LearnigClass" name="loginPage" time="0.003"/>
  <system-out/>
</testsuite> <!-- TestCases.LearnigClass -->
