<?xml version="1.0" encoding="UTF-8"?>
<!-- Generated by org.testng.reporters.JUnitReportReporter -->
<testsuite hostname="Aashish" failures="0" tests="3" name="TestCases.BrevistayRatingsAndTags" time="28.633" errors="0" timestamp="2023-07-11T14:02:03 IST" skipped="0">
  <testcase classname="TestCases.BrevistayRatingsAndTags" name="verifyRatingFourAndHalf" time="22.118"/>
  <system-out/>
  <testcase classname="TestCases.BrevistayRatingsAndTags" name="verifyingPremiumTag" time="3.634"/>
  <system-out/>
  <testcase classname="TestCases.BrevistayRatingsAndTags" name="verifyingLuxuryTag" time="2.881"/>
  <system-out/>
</testsuite> <!-- TestCases.BrevistayRatingsAndTags -->
