<?xml version="1.0" encoding="UTF-8"?>
<!-- Generated by org.testng.reporters.JUnitReportReporter -->
<testsuite hostname="Aashish" failures="0" tests="6" name="TestCases.Brevistay" time="17.546" errors="0" timestamp="2023-07-09T10:07:02 IST" skipped="0">
  <testcase classname="TestCases.Brevistay" name="launchHomepage" time="4.322"/>
  <system-out/>
  <testcase classname="TestCases.Brevistay" name="login" time="5.526"/>
  <system-out/>
  <testcase classname="TestCases.Brevistay" name="selectCity" time="3.007"/>
  <system-out/>
  <testcase classname="TestCases.Brevistay" name="verifyingAreaFilter" time="2.411"/>
  <system-out/>
  <testcase classname="TestCases.Brevistay" name="verifyingCoupleFriendly" time="1.137"/>
  <system-out/>
  <testcase classname="TestCases.Brevistay" name="verifyingCoupleFriendlywithpah" time="1.143"/>
  <system-out/>
</testsuite> <!-- TestCases.Brevistay -->
