<?xml version="1.0" encoding="UTF-8"?>
<!-- Generated by org.testng.reporters.JUnitReportReporter -->
<testsuite hostname="Aashish" failures="0" tests="6" name="TestCases.Brevistay" time="19.497" errors="0" timestamp="2023-07-11T14:02:03 IST" skipped="0">
  <testcase classname="TestCases.Brevistay" name="launchHomepage" time="5.171"/>
  <system-out/>
  <testcase classname="TestCases.Brevistay" name="login" time="4.351"/>
  <system-out/>
  <testcase classname="TestCases.Brevistay" name="selectCity" time="3.595"/>
  <system-out/>
  <testcase classname="TestCases.Brevistay" name="verifyingAreaFilter" time="3.643"/>
  <system-out/>
  <testcase classname="TestCases.Brevistay" name="verifyingCoupleFriendly" time="1.420"/>
  <system-out/>
  <testcase classname="TestCases.Brevistay" name="verifyingCoupleFriendlywithpah" time="1.317"/>
  <system-out/>
</testsuite> <!-- TestCases.Brevistay -->
