<?xml version="1.0" encoding="UTF-8"?>
<!-- Generated by org.testng.reporters.JUnitReportReporter -->
<testsuite hostname="Aashish" failures="0" tests="3" name="TestCases.BrevistayRatingsAndTags" time="13.207" errors="0" timestamp="2023-07-09T10:07:02 IST" skipped="0">
  <testcase classname="TestCases.BrevistayRatingsAndTags" name="verifyRatingFourAndHalf" time="8.322"/>
  <system-out/>
  <testcase classname="TestCases.BrevistayRatingsAndTags" name="verifyingPremiumTag" time="2.535"/>
  <system-out/>
  <testcase classname="TestCases.BrevistayRatingsAndTags" name="verifyingLuxuryTag" time="2.350"/>
  <system-out/>
</testsuite> <!-- TestCases.BrevistayRatingsAndTags -->
