<?xml version="1.0" encoding="UTF-8"?>
<!-- Generated by org.testng.reporters.JUnitReportReporter -->
<testsuite hostname="CHDSEZ578656L" failures="0" tests="1" name="BrowserInitializeDetails.InitializeBrowser" time="4.511" errors="0" timestamp="2023-05-31T15:05:03 IST" skipped="0">
  <testcase classname="BrowserInitializeDetails.InitializeBrowser" name="searchData" time="4.511"/>
  <system-out/>
</testsuite> <!-- BrowserInitializeDetails.InitializeBrowser -->
