<?xml version="1.0" encoding="UTF-8"?>
<!-- Generated by org.testng.reporters.JUnitReportReporter -->
<testsuite hostname="Aashish" failures="0" tests="6" name="TestCases.Brevistay" time="23.129" errors="0" timestamp="2023-07-09T20:56:40 IST" skipped="0">
  <testcase classname="TestCases.Brevistay" name="launchHomepage" time="9.201"/>
  <system-out/>
  <testcase classname="TestCases.Brevistay" name="login" time="4.798"/>
  <system-out/>
  <testcase classname="TestCases.Brevistay" name="selectCity" time="4.441"/>
  <system-out/>
  <testcase classname="TestCases.Brevistay" name="verifyingAreaFilter" time="2.404"/>
  <system-out/>
  <testcase classname="TestCases.Brevistay" name="verifyingCoupleFriendly" time="1.146"/>
  <system-out/>
  <testcase classname="TestCases.Brevistay" name="verifyingCoupleFriendlywithpah" time="1.139"/>
  <system-out/>
</testsuite> <!-- TestCases.Brevistay -->
