<?xml version="1.0" encoding="UTF-8"?>
<!-- Generated by org.testng.reporters.JUnitReportReporter -->
<testsuite hostname="Aashish" failures="0" tests="3" name="TestCases.BrevistayRatingsAndTags" time="11.457" errors="0" timestamp="2023-07-09T20:56:40 IST" skipped="0">
  <testcase classname="TestCases.BrevistayRatingsAndTags" name="verifyRatingFourAndHalf" time="6.994"/>
  <system-out/>
  <testcase classname="TestCases.BrevistayRatingsAndTags" name="verifyingPremiumTag" time="2.287"/>
  <system-out/>
  <testcase classname="TestCases.BrevistayRatingsAndTags" name="verifyingLuxuryTag" time="2.176"/>
  <system-out/>
</testsuite> <!-- TestCases.BrevistayRatingsAndTags -->
